android/app/build/intermediates/manifest_merge_blame_file/debug/manifest-merger-blame-debug-report.txt
1<?xml version="1.0" encoding="utf-8"?>
2<manifest xmlns:android="http://schemas.android.com/apk/res/android"
3    package="in.cioc.happypockets"
4    android:versionCode="18"
5    android:versionName="1.8.7" >
6
7    <uses-sdk
8        android:minSdkVersion="21"
9        android:targetSdkVersion="29" />
10
11    <uses-permission android:name="android.permission.SYSTEM_ALERT_WINDOW" />
11-->src/debug/AndroidManifest.xml:4:5-77
11-->src/debug/AndroidManifest.xml:4:22-75
12    <uses-permission android:name="android.permission.INTERNET" /> <!-- <uses-permission android:name="android.permission.SYSTEM_ALERT_WINDOW"/> -->
12-->src/main/AndroidManifest.xml:2:3-64
12-->src/main/AndroidManifest.xml:2:20-62
13    <!-- <uses-permission android:name="android.permission.MANAGE_DOCUMENTS"/> -->
14    <uses-permission android:name="android.permission.READ_INTERNAL_STORAGE" />
14-->src/main/AndroidManifest.xml:5:3-77
14-->src/main/AndroidManifest.xml:5:20-75
15    <uses-permission android:name="android.permission.READ_PHONE_STATE" />
15-->src/main/AndroidManifest.xml:6:3-72
15-->src/main/AndroidManifest.xml:6:20-70
16    <uses-permission android:name="android.permission.USE_FINGERPRINT" />
16-->src/main/AndroidManifest.xml:7:3-71
16-->src/main/AndroidManifest.xml:7:20-69
17    <uses-permission android:name="android.permission.VIBRATE" />
17-->src/main/AndroidManifest.xml:8:3-63
17-->src/main/AndroidManifest.xml:8:20-61
18    <uses-permission android:name="android.permission.MODIFY_AUDIO_SETTINGS" />
18-->src/main/AndroidManifest.xml:9:3-77
18-->src/main/AndroidManifest.xml:9:20-75
19    <uses-permission android:name="android.permission.ACCESS_COARSE_LOCATION" />
19-->src/main/AndroidManifest.xml:10:3-78
19-->src/main/AndroidManifest.xml:10:20-76
20    <uses-permission android:name="android.permission.ACCESS_FINE_LOCATION" />
20-->src/main/AndroidManifest.xml:11:3-76
20-->src/main/AndroidManifest.xml:11:20-74
21    <uses-permission android:name="android.permission.CAMERA" /> <!-- <uses-permission android:name="android.permission.READ_CONTACTS"/> -->
21-->src/main/AndroidManifest.xml:12:3-62
21-->src/main/AndroidManifest.xml:12:20-60
22    <!-- <uses-permission android:name="android.permission.READ_CALENDAR"/> -->
23    <!-- <uses-permission android:name="android.permission.WRITE_CALENDAR"/> -->
24    <uses-permission android:name="android.permission.READ_EXTERNAL_STORAGE" />
24-->src/main/AndroidManifest.xml:16:3-77
24-->src/main/AndroidManifest.xml:16:20-75
25    <uses-permission android:name="android.permission.RECORD_AUDIO" />
25-->src/main/AndroidManifest.xml:17:3-68
25-->src/main/AndroidManifest.xml:17:20-66
26    <uses-permission android:name="android.permission.WRITE_EXTERNAL_STORAGE" /> <!-- <uses-permission android:name="android.permission.WRITE_SETTINGS"/> -->
26-->src/main/AndroidManifest.xml:18:3-78
26-->src/main/AndroidManifest.xml:18:20-76
27    <uses-permission android:name="android.permission.ACCESS_NETWORK_STATE" />
27-->src/main/AndroidManifest.xml:20:3-76
27-->src/main/AndroidManifest.xml:20:20-74
28    <uses-permission android:name="android.permission.WAKE_LOCK" />
28-->src/main/AndroidManifest.xml:21:3-65
28-->src/main/AndroidManifest.xml:21:20-63
29    <uses-permission android:name="com.google.android.c2dm.permission.RECEIVE" />
29-->src/main/AndroidManifest.xml:22:3-79
29-->src/main/AndroidManifest.xml:22:20-77
30    <uses-permission android:name="android.permission.ACCESS_WIFI_STATE" />
30-->[:react-native-community_netinfo] AndroidManifest.xml:10:5-76
30-->[:react-native-community_netinfo] AndroidManifest.xml:10:22-73
31    <uses-permission android:name="android.permission.RECEIVE_BOOT_COMPLETED" />
31-->[:expo-background-fetch] AndroidManifest.xml:11:5-81
31-->[:expo-background-fetch] AndroidManifest.xml:11:22-78
32    <uses-permission android:name="android.permission.STORAGE" />
32-->[:expo-file-system] AndroidManifest.xml:15:5-66
32-->[:expo-file-system] AndroidManifest.xml:15:22-63
33    <uses-permission android:name="android.permission.FOREGROUND_SERVICE" />
33-->[:expo-location] AndroidManifest.xml:13:5-77
33-->[:expo-location] AndroidManifest.xml:13:22-74
34
35    <uses-feature
35-->[com.google.android:cameraview:1.0.0] AndroidManifest.xml:25:5-27:36
36        android:name="android.hardware.camera"
36-->[com.google.android:cameraview:1.0.0] AndroidManifest.xml:26:9-47
37        android:required="false" />
37-->[com.google.android:cameraview:1.0.0] AndroidManifest.xml:27:9-33
38    <uses-feature
38-->[com.google.android:cameraview:1.0.0] AndroidManifest.xml:28:5-30:36
39        android:name="android.hardware.camera.autofocus"
39-->[com.google.android:cameraview:1.0.0] AndroidManifest.xml:29:9-57
40        android:required="false" />
40-->[com.google.android:cameraview:1.0.0] AndroidManifest.xml:30:9-33
41
42    <uses-permission android:name="com.google.android.providers.gsf.permission.READ_GSERVICES" />
42-->[io.nlopez.smartlocation:library:3.2.11] AndroidManifest.xml:15:5-98
42-->[io.nlopez.smartlocation:library:3.2.11] AndroidManifest.xml:15:22-95
43    <uses-permission android:name="com.google.android.gms.permission.ACTIVITY_RECOGNITION" />
43-->[io.nlopez.smartlocation:library:3.2.11] AndroidManifest.xml:16:5-94
43-->[io.nlopez.smartlocation:library:3.2.11] AndroidManifest.xml:16:22-91
44
45    <application
45-->src/main/AndroidManifest.xml:23:3-36:17
46        android:name="in.cioc.happypockets.MainApplication"
46-->src/main/AndroidManifest.xml:23:16-47
47        android:allowBackup="false"
47-->src/main/AndroidManifest.xml:23:156-183
48        android:appComponentFactory="androidx.core.app.CoreComponentFactory"
48-->[androidx.core:core:1.2.0] AndroidManifest.xml:24:18-86
49        android:debuggable="true"
50        android:icon="@mipmap/ic_launcher"
50-->src/main/AndroidManifest.xml:23:81-115
51        android:label="@string/app_name"
51-->src/main/AndroidManifest.xml:23:48-80
52        android:roundIcon="@mipmap/ic_launcher"
52-->src/main/AndroidManifest.xml:23:116-155
53        android:supportsRtl="true"
53-->[com.facebook.android:facebook-login:5.12.1] AndroidManifest.xml:28:18-44
54        android:theme="@style/AppTheme"
54-->src/main/AndroidManifest.xml:23:184-215
55        android:usesCleartextTraffic="true" >
55-->src/debug/AndroidManifest.xml:6:18-53
56        <meta-data
56-->src/main/AndroidManifest.xml:24:5-87
57            android:name="expo.modules.updates.EXPO_UPDATE_URL"
57-->src/main/AndroidManifest.xml:24:16-67
58            android:value="" />
58-->src/main/AndroidManifest.xml:24:68-84
59        <meta-data
59-->src/main/AndroidManifest.xml:25:5-94
60            android:name="expo.modules.updates.EXPO_SDK_VERSION"
60-->src/main/AndroidManifest.xml:25:16-68
61            android:value="37.0.0" />
61-->src/main/AndroidManifest.xml:25:69-91
62        <meta-data
62-->src/main/AndroidManifest.xml:26:5-99
63            android:name="expo.modules.updates.EXPO_RELEASE_CHANNEL"
63-->src/main/AndroidManifest.xml:26:16-72
64            android:value="default" />
64-->src/main/AndroidManifest.xml:26:73-96
65
66        <activity
66-->src/main/AndroidManifest.xml:28:3-34:16
67            android:name="in.cioc.happypockets.MainActivity"
67-->src/main/AndroidManifest.xml:29:5-33
68            android:configChanges="keyboard|keyboardHidden|orientation|screenSize"
68-->src/main/AndroidManifest.xml:29:67-137
69            android:label="@string/app_name"
69-->src/main/AndroidManifest.xml:29:34-66
70            android:launchMode="singleTask"
70-->src/main/AndroidManifest.xml:29:138-169
71            android:screenOrientation="portrait"
71-->src/main/AndroidManifest.xml:29:259-295
72            android:theme="@style/Theme.App.SplashScreen"
72-->src/main/AndroidManifest.xml:29:213-258
73            android:windowSoftInputMode="adjustResize" >
73-->src/main/AndroidManifest.xml:29:170-212
74            <intent-filter>
74-->src/main/AndroidManifest.xml:30:7-33:23
75                <action android:name="android.intent.action.MAIN" />
75-->src/main/AndroidManifest.xml:31:9-60
75-->src/main/AndroidManifest.xml:31:17-58
76
77                <category android:name="android.intent.category.LAUNCHER" />
77-->src/main/AndroidManifest.xml:32:9-68
77-->src/main/AndroidManifest.xml:32:19-66
78            </intent-filter>
79        </activity>
80        <activity android:name="com.facebook.react.devsupport.DevSettingsActivity" />
80-->src/main/AndroidManifest.xml:35:5-81
80-->src/main/AndroidManifest.xml:35:15-79
81        <activity
81-->[:react-native-razorpay] AndroidManifest.xml:12:9-14:86
82            android:name="com.razorpay.CheckoutActivity"
82-->[:react-native-razorpay] AndroidManifest.xml:13:13-57
83            android:configChanges="keyboard|keyboardHidden|orientation|screenSize"
83-->[:react-native-razorpay] AndroidManifest.xml:14:13-83
84            android:theme="@style/CheckoutTheme" >
84-->[com.razorpay:checkout:1.6.9] AndroidManifest.xml:21:13-49
85            <intent-filter>
85-->[com.razorpay:checkout:1.6.9] AndroidManifest.xml:22:13-28:29
86                <action android:name="android.intent.action.MAIN" />
86-->src/main/AndroidManifest.xml:31:9-60
86-->src/main/AndroidManifest.xml:31:17-58
87
88                <data
88-->[net.openid:appauth:0.7.1] AndroidManifest.xml:41:17-67
89                    android:host="rzp.io"
90                    android:scheme="io.rzp" />
90-->[net.openid:appauth:0.7.1] AndroidManifest.xml:41:23-64
91            </intent-filter>
92        </activity>
93
94        <provider
94-->[:react-native-webview] AndroidManifest.xml:12:9-20:20
95            android:name="com.reactnativecommunity.webview.RNCWebViewFileProvider"
95-->[:react-native-webview] AndroidManifest.xml:13:13-83
96            android:authorities="in.cioc.happypockets.fileprovider"
96-->[:react-native-webview] AndroidManifest.xml:14:13-64
97            android:exported="false"
97-->[:react-native-webview] AndroidManifest.xml:15:13-37
98            android:grantUriPermissions="true" >
98-->[:react-native-webview] AndroidManifest.xml:16:13-47
99            <meta-data
99-->[:react-native-webview] AndroidManifest.xml:17:13-19:63
100                android:name="android.support.FILE_PROVIDER_PATHS"
100-->[:react-native-webview] AndroidManifest.xml:18:17-67
101                android:resource="@xml/file_provider_paths" />
101-->[:react-native-webview] AndroidManifest.xml:19:17-60
102        </provider>
103
104        <activity
104-->[:expo-app-auth] AndroidManifest.xml:12:9-16:75
105            android:name="expo.modules.appauth.AppAuthBrowserActivity"
105-->[:expo-app-auth] AndroidManifest.xml:13:13-71
106            android:exported="false"
106-->[:expo-app-auth] AndroidManifest.xml:14:13-37
107            android:launchMode="singleTask"
107-->[:expo-app-auth] AndroidManifest.xml:15:13-44
108            android:theme="@android:style/Theme.Translucent.NoTitleBar" />
108-->[:expo-app-auth] AndroidManifest.xml:16:13-72
109
110        <provider
110-->[:expo-file-system] AndroidManifest.xml:18:9-27:20
111            android:name="expo.modules.filesystem.FileSystemFileProvider"
111-->[:expo-file-system] AndroidManifest.xml:19:13-74
112            android:authorities="in.cioc.happypockets.FileSystemFileProvider"
112-->[:expo-file-system] AndroidManifest.xml:20:13-74
113            android:exported="false"
113-->[:expo-file-system] AndroidManifest.xml:21:13-37
114            android:grantUriPermissions="true" >
114-->[:expo-file-system] AndroidManifest.xml:22:13-47
115            <meta-data
115-->[:react-native-webview] AndroidManifest.xml:17:13-19:63
116                android:name="android.support.FILE_PROVIDER_PATHS"
116-->[:react-native-webview] AndroidManifest.xml:18:17-67
117                android:resource="@xml/file_system_provider_paths" />
117-->[:react-native-webview] AndroidManifest.xml:19:17-60
118        </provider> <!-- https://developer.android.com/guide/topics/manifest/provider-element.html -->
119        <provider
119-->[:expo-image-picker] AndroidManifest.xml:14:9-22:20
120            android:name="expo.modules.imagepicker.ImagePickerFileProvider"
120-->[:expo-image-picker] AndroidManifest.xml:15:13-76
121            android:authorities="in.cioc.happypockets.ImagePickerFileProvider"
121-->[:expo-image-picker] AndroidManifest.xml:16:13-75
122            android:exported="false"
122-->[:expo-image-picker] AndroidManifest.xml:17:13-37
123            android:grantUriPermissions="true" >
123-->[:expo-image-picker] AndroidManifest.xml:18:13-47
124            <meta-data
124-->[:react-native-webview] AndroidManifest.xml:17:13-19:63
125                android:name="android.support.FILE_PROVIDER_PATHS"
125-->[:react-native-webview] AndroidManifest.xml:18:17-67
126                android:resource="@xml/image_picker_provider_paths" />
126-->[:react-native-webview] AndroidManifest.xml:19:17-60
127        </provider>
128
129        <service
129-->[:expo-location] AndroidManifest.xml:16:9-18:40
130            android:name="expo.modules.location.services.LocationTaskService"
130-->[:expo-location] AndroidManifest.xml:17:13-78
131            android:exported="false" />
131-->[:expo-location] AndroidManifest.xml:18:13-37
132
133        <receiver
133-->[:expo-task-manager] AndroidManifest.xml:12:9-19:20
134            android:name="expo.modules.taskManager.TaskBroadcastReceiver"
134-->[:expo-task-manager] AndroidManifest.xml:13:13-74
135            android:exported="false" >
135-->[:expo-task-manager] AndroidManifest.xml:14:13-37
136            <intent-filter>
136-->[:expo-task-manager] AndroidManifest.xml:15:13-18:29
137                <action android:name="expo.modules.taskManager.TaskBroadcastReceiver.INTENT_ACTION" />
137-->[:expo-task-manager] AndroidManifest.xml:16:17-103
137-->[:expo-task-manager] AndroidManifest.xml:16:25-100
138                <action android:name="android.intent.action.BOOT_COMPLETED" />
138-->[:expo-task-manager] AndroidManifest.xml:17:17-79
138-->[:expo-task-manager] AndroidManifest.xml:17:25-76
139            </intent-filter>
140        </receiver>
141
142        <service
142-->[:expo-task-manager] AndroidManifest.xml:21:9-25:72
143            android:name="expo.modules.taskManager.TaskJobService"
143-->[:expo-task-manager] AndroidManifest.xml:22:13-67
144            android:enabled="true"
144-->[:expo-task-manager] AndroidManifest.xml:23:13-35
145            android:exported="false"
145-->[:expo-task-manager] AndroidManifest.xml:24:13-37
146            android:permission="android.permission.BIND_JOB_SERVICE" />
146-->[:expo-task-manager] AndroidManifest.xml:25:13-69
147
148        <activity
148-->[com.facebook.android:facebook-common:5.12.1] AndroidManifest.xml:29:9-32:66
149            android:name="com.facebook.FacebookActivity"
149-->[com.facebook.android:facebook-common:5.12.1] AndroidManifest.xml:30:13-57
150            android:configChanges="keyboard|keyboardHidden|screenLayout|screenSize|orientation"
150-->[com.facebook.android:facebook-common:5.12.1] AndroidManifest.xml:31:13-96
151            android:theme="@style/com_facebook_activity_theme" />
151-->[com.facebook.android:facebook-common:5.12.1] AndroidManifest.xml:32:13-63
152        <activity android:name="com.facebook.CustomTabMainActivity" />
152-->[com.facebook.android:facebook-common:5.12.1] AndroidManifest.xml:33:9-71
152-->[com.facebook.android:facebook-common:5.12.1] AndroidManifest.xml:33:19-68
153        <activity android:name="com.facebook.CustomTabActivity" />
153-->[com.facebook.android:facebook-common:5.12.1] AndroidManifest.xml:34:9-67
153-->[com.facebook.android:facebook-common:5.12.1] AndroidManifest.xml:34:19-64
154        <!--
155         The initialization ContentProvider will call FacebookSdk.sdkInitialize automatically
156         with the application context. This config is merged in with the host app's manifest,
157         but there can only be one provider with the same authority activated at any given
158         point; so if the end user has two or more different apps that use Facebook SDK, only the
159         first one will be able to use the provider. To work around this problem, we use the
160         following placeholder in the authority to identify each host application as if it was
161         a completely different provider.
162        -->
163        <provider
163-->[com.facebook.android:facebook-core:5.12.1] AndroidManifest.xml:39:9-42:40
164            android:name="com.facebook.internal.FacebookInitProvider"
164-->[com.facebook.android:facebook-core:5.12.1] AndroidManifest.xml:40:13-70
165            android:authorities="in.cioc.happypockets.FacebookInitProvider"
165-->[com.facebook.android:facebook-core:5.12.1] AndroidManifest.xml:41:13-72
166            android:exported="false" />
166-->[com.facebook.android:facebook-core:5.12.1] AndroidManifest.xml:42:13-37
167
168        <receiver
168-->[com.facebook.android:facebook-core:5.12.1] AndroidManifest.xml:44:9-50:20
169            android:name="com.facebook.CurrentAccessTokenExpirationBroadcastReceiver"
169-->[com.facebook.android:facebook-core:5.12.1] AndroidManifest.xml:45:13-86
170            android:exported="false" >
170-->[com.facebook.android:facebook-core:5.12.1] AndroidManifest.xml:46:13-37
171            <intent-filter>
171-->[com.facebook.android:facebook-core:5.12.1] AndroidManifest.xml:47:13-49:29
172                <action android:name="com.facebook.sdk.ACTION_CURRENT_ACCESS_TOKEN_CHANGED" />
172-->[com.facebook.android:facebook-core:5.12.1] AndroidManifest.xml:48:17-95
172-->[com.facebook.android:facebook-core:5.12.1] AndroidManifest.xml:48:25-92
173            </intent-filter>
174        </receiver>
175        <receiver
175-->[com.facebook.android:facebook-core:5.12.1] AndroidManifest.xml:51:9-58:20
176            android:name="com.facebook.CampaignTrackingReceiver"
176-->[com.facebook.android:facebook-core:5.12.1] AndroidManifest.xml:52:13-65
177            android:exported="true"
177-->[com.facebook.android:facebook-core:5.12.1] AndroidManifest.xml:53:13-36
178            android:permission="android.permission.INSTALL_PACKAGES" >
178-->[com.facebook.android:facebook-core:5.12.1] AndroidManifest.xml:54:13-69
179            <intent-filter>
179-->[com.facebook.android:facebook-core:5.12.1] AndroidManifest.xml:55:13-57:29
180                <action android:name="com.android.vending.INSTALL_REFERRER" />
180-->[com.facebook.android:facebook-core:5.12.1] AndroidManifest.xml:56:17-79
180-->[com.facebook.android:facebook-core:5.12.1] AndroidManifest.xml:56:25-76
181            </intent-filter>
182        </receiver>
183
184        <activity
184-->[net.openid:appauth:0.7.1] AndroidManifest.xml:27:9-31:75
185            android:name="net.openid.appauth.AuthorizationManagementActivity"
185-->[net.openid:appauth:0.7.1] AndroidManifest.xml:28:13-78
186            android:exported="false"
186-->[net.openid:appauth:0.7.1] AndroidManifest.xml:29:13-37
187            android:launchMode="singleTask"
187-->[net.openid:appauth:0.7.1] AndroidManifest.xml:30:13-44
188            android:theme="@android:style/Theme.Translucent.NoTitleBar" />
188-->[net.openid:appauth:0.7.1] AndroidManifest.xml:31:13-72
189        <activity
189-->[net.openid:appauth:0.7.1] AndroidManifest.xml:32:9-43:20
190            android:name="net.openid.appauth.RedirectUriReceiverActivity"
190-->[net.openid:appauth:0.7.1] AndroidManifest.xml:33:13-74
191            android:exported="true" >
191-->[net.openid:appauth:0.7.1] AndroidManifest.xml:34:13-36
192            <intent-filter>
192-->[net.openid:appauth:0.7.1] AndroidManifest.xml:35:13-42:29
193                <action android:name="android.intent.action.VIEW" />
193-->[net.openid:appauth:0.7.1] AndroidManifest.xml:36:17-69
193-->[net.openid:appauth:0.7.1] AndroidManifest.xml:36:25-66
194
195                <category android:name="android.intent.category.DEFAULT" />
195-->[net.openid:appauth:0.7.1] AndroidManifest.xml:38:17-76
195-->[net.openid:appauth:0.7.1] AndroidManifest.xml:38:27-73
196                <category android:name="android.intent.category.BROWSABLE" />
196-->[net.openid:appauth:0.7.1] AndroidManifest.xml:39:17-78
196-->[net.openid:appauth:0.7.1] AndroidManifest.xml:39:27-75
197
198                <data android:scheme="in.cioc.happypockets" />
198-->[net.openid:appauth:0.7.1] AndroidManifest.xml:41:17-67
198-->[net.openid:appauth:0.7.1] AndroidManifest.xml:41:23-64
199            </intent-filter>
200        </activity>
201
202        <receiver android:name="com.razorpay.RzpTokenReceiver" >
202-->[com.razorpay:checkout:1.6.9] AndroidManifest.xml:12:9-16:20
202-->[com.razorpay:checkout:1.6.9] AndroidManifest.xml:12:19-63
203            <intent-filter>
203-->[com.razorpay:checkout:1.6.9] AndroidManifest.xml:13:13-15:29
204                <action android:name="rzp.device_token.share" />
204-->[com.razorpay:checkout:1.6.9] AndroidManifest.xml:14:17-65
204-->[com.razorpay:checkout:1.6.9] AndroidManifest.xml:14:25-62
205            </intent-filter>
206        </receiver>
207
208        <activity
208-->[com.google.android.gms:play-services-auth:19.2.0] AndroidManifest.xml:23:9-27:75
209            android:name="com.google.android.gms.auth.api.signin.internal.SignInHubActivity"
209-->[com.google.android.gms:play-services-auth:19.2.0] AndroidManifest.xml:24:13-93
210            android:excludeFromRecents="true"
210-->[com.google.android.gms:play-services-auth:19.2.0] AndroidManifest.xml:25:13-46
211            android:exported="false"
211-->[com.google.android.gms:play-services-auth:19.2.0] AndroidManifest.xml:26:13-37
212            android:theme="@android:style/Theme.Translucent.NoTitleBar" />
212-->[com.google.android.gms:play-services-auth:19.2.0] AndroidManifest.xml:27:13-72
213        <!--
214            Service handling Google Sign-In user revocation. For apps that do not integrate with
215            Google Sign-In, this service will never be started.
216        -->
217        <service
217-->[com.google.android.gms:play-services-auth:19.2.0] AndroidManifest.xml:33:9-37:51
218            android:name="com.google.android.gms.auth.api.signin.RevocationBoundService"
218-->[com.google.android.gms:play-services-auth:19.2.0] AndroidManifest.xml:34:13-89
219            android:exported="true"
219-->[com.google.android.gms:play-services-auth:19.2.0] AndroidManifest.xml:35:13-36
220            android:permission="com.google.android.gms.auth.api.signin.permission.REVOCATION_NOTIFICATION"
220-->[com.google.android.gms:play-services-auth:19.2.0] AndroidManifest.xml:36:13-107
221            android:visibleToInstantApps="true" />
221-->[com.google.android.gms:play-services-auth:19.2.0] AndroidManifest.xml:37:13-48
222
223        <activity
223-->[com.google.android.gms:play-services-base:17.5.0] AndroidManifest.xml:23:9-26:75
224            android:name="com.google.android.gms.common.api.GoogleApiActivity"
224-->[com.google.android.gms:play-services-base:17.5.0] AndroidManifest.xml:24:13-79
225            android:exported="false"
225-->[com.google.android.gms:play-services-base:17.5.0] AndroidManifest.xml:25:13-37
226            android:theme="@android:style/Theme.Translucent.NoTitleBar" />
226-->[com.google.android.gms:play-services-base:17.5.0] AndroidManifest.xml:26:13-72
227
228        <meta-data
228-->[com.google.android.gms:play-services-basement:17.5.0] AndroidManifest.xml:23:9-25:69
229            android:name="com.google.android.gms.version"
229-->[com.google.android.gms:play-services-basement:17.5.0] AndroidManifest.xml:24:13-58
230            android:value="@integer/google_play_services_version" />
230-->[com.google.android.gms:play-services-basement:17.5.0] AndroidManifest.xml:25:13-66
231
232        <service
232-->[androidx.room:room-runtime:2.1.0] AndroidManifest.xml:25:9-27:40
233            android:name="androidx.room.MultiInstanceInvalidationService"
233-->[androidx.room:room-runtime:2.1.0] AndroidManifest.xml:26:13-74
234            android:exported="false" />
234-->[androidx.room:room-runtime:2.1.0] AndroidManifest.xml:27:13-37
235        <service
235-->[io.nlopez.smartlocation:library:3.2.11] AndroidManifest.xml:19:9-21:40
236            android:name="io.nlopez.smartlocation.activity.providers.ActivityGooglePlayServicesProvider$ActivityRecognitionService"
236-->[io.nlopez.smartlocation:library:3.2.11] AndroidManifest.xml:20:13-132
237            android:exported="false" />
237-->[io.nlopez.smartlocation:library:3.2.11] AndroidManifest.xml:21:13-37
238        <service
238-->[io.nlopez.smartlocation:library:3.2.11] AndroidManifest.xml:22:9-24:40
239            android:name="io.nlopez.smartlocation.geofencing.providers.GeofencingGooglePlayServicesProvider$GeofencingService"
239-->[io.nlopez.smartlocation:library:3.2.11] AndroidManifest.xml:23:13-127
240            android:exported="false" />
240-->[io.nlopez.smartlocation:library:3.2.11] AndroidManifest.xml:24:13-37
241        <service
241-->[io.nlopez.smartlocation:library:3.2.11] AndroidManifest.xml:25:9-27:40
242            android:name="io.nlopez.smartlocation.geocoding.providers.AndroidGeocodingProvider$AndroidGeocodingService"
242-->[io.nlopez.smartlocation:library:3.2.11] AndroidManifest.xml:26:13-120
243            android:exported="false" />
243-->[io.nlopez.smartlocation:library:3.2.11] AndroidManifest.xml:27:13-37
244    </application>
245
246</manifest>